<?xml version="1.0" encoding="UTF-8"?>
<QCARConfig xmlns:xsi="http://www.w3.org/2001/XMLSchema-instance" xsi:noNamespaceSchemaLocation="qcar_config.xsd">
  <Tracking>
    <ImageTarget name="ar_marker_8" size="1024.000000 1024.000000" />
    <ImageTarget name="ar_marker_7" size="1024.000000 1024.000000" />
    <ImageTarget name="ar_marker_6" size="1024.000000 1024.000000" />
    <ImageTarget name="ar_marker_5" size="1024.000000 1024.000000" />
    <ImageTarget name="ar_marker_4" size="1024.000000 1024.000000" />
    <ImageTarget name="ar_marker_3" size="1024.000000 1024.000000" />
    <ImageTarget name="ar_marker_2" size="1024.000000 1024.000000" />
    <ImageTarget name="ar_marker_1" size="1024.000000 1024.000000" />
    <ImageTarget name="ar_marker_0" size="1024.000000 1024.000000" />
  </Tracking>
</QCARConfig>
